<?xml version="1.0" encoding="UTF-8"?>
<!-- Generated by org.testng.reporters.JUnitXMLReporter -->
<testsuite ignored="0" hostname="DESKTOP-MN5RQUC" failures="0" tests="5" name="Surefire test" time="13.504" errors="0" timestamp="19 Jun 2022 09:29:26 GMT">
  <testcase classname="tests.HomePageTest" name="@BeforeTest setup" time="13.443">
    <failure type="java.lang.NullPointerException" message="Cannot invoke &amp;quot;com.microsoft.playwright.Browser.newContext()&amp;quot; because &amp;quot;this.browser&amp;quot; is null">
      <![CDATA[java.lang.NullPointerException: Cannot invoke "com.microsoft.playwright.Browser.newContext()" because "this.browser" is null
at factory.PlayWrightFactory.initilaizeBrowser(PlayWrightFactory.java:45)
at tests.HomePageTest.setup(HomePageTest.java:24)
... Removed 29 stack frames]]>
    </failure>
  </testcase> <!-- @BeforeTest setup -->
  <testcase classname="tests.HomePageTest" name="@AfterTest tearDown" time="0.0">
    <skipped/>
  </testcase> <!-- @AfterTest tearDown -->
  <testcase classname="tests.HomePageTest" name="homePageTitleTest" time="0.0">
    <skipped/>
  </testcase> <!-- homePageTitleTest -->
  <testcase classname="tests.HomePageTest" name="homePageURLTest" time="0.0">
    <skipped/>
  </testcase> <!-- homePageURLTest -->
  <testcase classname="tests.HomePageTest" name="searchTest" time="0.0">
    <skipped/>
  </testcase> <!-- searchTest -->
  <testcase classname="tests.HomePageTest" name="searchTest" time="0.0">
    <skipped/>
  </testcase> <!-- searchTest -->
  <testcase classname="tests.HomePageTest" name="searchTest" time="0.0">
    <skipped/>
  </testcase> <!-- searchTest -->
</testsuite> <!-- Surefire test -->
