<?xml version="1.0" encoding="UTF-8"?>
<testsuite xmlns:xsi="http://www.w3.org/2001/XMLSchema-instance" xsi:noNamespaceSchemaLocation="https://maven.apache.org/surefire/maven-surefire-plugin/xsd/surefire-test-report.xsd" name="tests.HomePageTest" time="14.412" tests="7" errors="0" skipped="6" failures="1">
  <properties>
[...]
</properties>
  <testcase name="setup" classname="tests.HomePageTest" time="14.079">
    <failure message="Cannot invoke &quot;com.microsoft.playwright.Browser.newContext()&quot; because &quot;this.browser&quot; is null" type="java.lang.NullPointerException">java.lang.NullPointerException: Cannot invoke "com.microsoft.playwright.Browser.newContext()" because "this.browser" is null
	at tests.HomePageTest.setup(HomePageTest.java:24)
</failure>
    <system-out><![CDATA[browser name is:webkit
]]></system-out>
  </testcase>
  <testcase name="homePageTitleTest" classname="tests.HomePageTest" time="0">
    <skipped message="Cannot invoke &quot;com.microsoft.playwright.Browser.newContext()&quot; because &quot;this.browser&quot; is null"/>
  </testcase>
  <testcase name="homePageURLTest" classname="tests.HomePageTest" time="0">
    <skipped message="Cannot invoke &quot;com.microsoft.playwright.Browser.newContext()&quot; because &quot;this.browser&quot; is null"/>
  </testcase>
  <testcase name="searchTest" classname="tests.HomePageTest" time="0">
    <skipped message="Cannot invoke &quot;com.microsoft.playwright.Browser.newContext()&quot; because &quot;this.browser&quot; is null"/>
  </testcase>
  <testcase name="searchTest" classname="tests.HomePageTest" time="0">
    <skipped message="Cannot invoke &quot;com.microsoft.playwright.Browser.newContext()&quot; because &quot;this.browser&quot; is null"/>
  </testcase>
  <testcase name="searchTest" classname="tests.HomePageTest" time="0">
    <skipped message="Cannot invoke &quot;com.microsoft.playwright.Browser.newContext()&quot; because &quot;this.browser&quot; is null"/>
  </testcase>
  <testcase name="tearDown" classname="tests.HomePageTest" time="0">
    <skipped/>
  </testcase>
</testsuite>