<?xml version="1.0" encoding="UTF-8"?>
<testng-results ignored="0" total="5" passed="5" failed="0" skipped="0">
  <reporter-output>
  </reporter-output>
  <suite started-at="2022-06-19T15:54:37Z" name="Default suite" finished-at="2022-06-19T15:54:57Z" duration-ms="20059">
    <groups>
    </groups>
    <test started-at="2022-06-19T15:54:37Z" name="Default test" finished-at="2022-06-19T15:54:57Z" duration-ms="20059">
      <class name="tests.HomePageTest">
        <test-method is-config="true" signature="setup()[pri:0, instance:tests.HomePageTest@50dfbc58]" started-at="2022-06-19T15:54:37Z" name="setup" finished-at="2022-06-19T15:54:53Z" duration-ms="15856" status="PASS">
          <reporter-output>
          </reporter-output>
        </test-method> <!-- setup -->
        <test-method signature="homePageTitleTest()[pri:0, instance:tests.HomePageTest@50dfbc58]" started-at="2022-06-19T15:54:53Z" name="homePageTitleTest" finished-at="2022-06-19T15:54:53Z" duration-ms="42" status="PASS">
          <reporter-output>
          </reporter-output>
        </test-method> <!-- homePageTitleTest -->
        <test-method signature="homePageURLTest()[pri:0, instance:tests.HomePageTest@50dfbc58]" started-at="2022-06-19T15:54:53Z" name="homePageURLTest" finished-at="2022-06-19T15:54:53Z" duration-ms="9" status="PASS">
          <reporter-output>
          </reporter-output>
        </test-method> <!-- homePageURLTest -->
        <test-method signature="searchTest(java.lang.String)[pri:0, instance:tests.HomePageTest@50dfbc58]" started-at="2022-06-19T15:54:53Z" name="searchTest" data-provider="getProductData" finished-at="2022-06-19T15:54:55Z" duration-ms="1764" status="PASS">
          <params>
            <param index="0">
              <value>
                <![CDATA[Macbook]]>
              </value>
            </param>
          </params>
          <reporter-output>
          </reporter-output>
        </test-method> <!-- searchTest -->
        <test-method signature="searchTest(java.lang.String)[pri:0, instance:tests.HomePageTest@50dfbc58]" started-at="2022-06-19T15:54:55Z" name="searchTest" data-provider="getProductData" finished-at="2022-06-19T15:54:56Z" duration-ms="855" status="PASS">
          <params>
            <param index="0">
              <value>
                <![CDATA[iMac]]>
              </value>
            </param>
          </params>
          <reporter-output>
          </reporter-output>
        </test-method> <!-- searchTest -->
        <test-method signature="searchTest(java.lang.String)[pri:0, instance:tests.HomePageTest@50dfbc58]" started-at="2022-06-19T15:54:56Z" name="searchTest" data-provider="getProductData" finished-at="2022-06-19T15:54:56Z" duration-ms="678" status="PASS">
          <params>
            <param index="0">
              <value>
                <![CDATA[Samsung]]>
              </value>
            </param>
          </params>
          <reporter-output>
          </reporter-output>
        </test-method> <!-- searchTest -->
        <test-method is-config="true" signature="tearDown()[pri:0, instance:tests.HomePageTest@50dfbc58]" started-at="2022-06-19T15:54:56Z" name="tearDown" finished-at="2022-06-19T15:54:57Z" duration-ms="747" status="PASS">
          <reporter-output>
          </reporter-output>
        </test-method> <!-- tearDown -->
      </class> <!-- tests.HomePageTest -->
    </test> <!-- Default test -->
  </suite> <!-- Default suite -->
</testng-results>
